{
  "RSpec": {
    "coverage": {
      "/home/comic-frame-6348/tic-tac-toe-rb-nyc-fastttrack-011120/lib/tic_tac_toe.rb": [
        null,
        1,
        null,
        null,
        null,
        null,
        null,
        null,
        null,
        null,
        null,
        1,
        25,
        25,
        25,
        25,
        25,
        null,
        null,
        1,
        23,
        null,
        null,
        1,
        23,
        null,
        null,
        1,
        21,
        null,
        null,
        1,
        20,
        20,
        20,
        19,
        null,
        1,
        null,
        20,
        null,
        null,
        1,
        38,
        38,
        342,
        57,
        null,
        null,
        38,
        null,
        null,
        1,
        37,
        null,
        null,
        1,
        null,
        55,
        351,
        351,
        351,
        null,
        351,
        351,
        351,
        null,
        351,
        18,
        333,
        5,
        null,
        328,
        null,
        null,
        null,
        null,
        1,
        103,
        10,
        null,
        6,
        null,
        null,
        null,
        1,
        23,
        5,
        null,
        18,
        null,
        null,
        null,
        1,
        21,
        10,
        null,
        11,
        null,
        null,
        null,
        1,
        7,
        6,
        null,
        null,
        null,
        1,
        12,
        17,
        17,
        null,
        12,
        5,
        null,
        7,
        null,
        null
      ]
    },
    "timestamp": 1578772749
  }
}
